<?xml version="1.0" encoding="UTF-8"?>
<!-- Generated by org.testng.reporters.JUnitXMLReporter -->
<testsuite ignored="0" hostname="APL-5CD128K60D" failures="0" tests="6" name="Default test" time="0.461" errors="0" timestamp="2022-05-12T13:30:34 IST">
  <testcase classname="practiceClasses.DataProvider2" name="printexceldata" time="0.004"/>
  <testcase classname="practiceClasses.DataProvider2" name="printexceldata" time="0.001"/>
  <testcase classname="practiceClasses.DataProvider2" name="printexceldata" time="0.0"/>
  <testcase classname="practiceClasses.DataProvider2" name="printexceldata" time="0.001"/>
  <testcase classname="practiceClasses.DataProvider2" name="printexceldata" time="0.001"/>
  <testcase classname="practiceClasses.DataProvider2" name="printexceldata" time="0.001"/>
</testsuite> <!-- Default test -->
