<?xml version="1.0" encoding="UTF-8"?>
<testng-results ignored="0" total="6" passed="6" failed="0" skipped="0">
  <reporter-output>
  </reporter-output>
  <suite started-at="2022-05-12T13:30:33 IST" name="Default suite" finished-at="2022-05-12T13:30:34 IST" duration-ms="461">
    <groups>
    </groups>
    <test started-at="2022-05-12T13:30:33 IST" name="Default test" finished-at="2022-05-12T13:30:34 IST" duration-ms="461">
      <class name="practiceClasses.DataProvider2">
        <test-method signature="printexceldata(java.lang.String,java.lang.String)[pri:0, instance:practiceClasses.DataProvider2@3cebbb30]" started-at="2022-05-12T13:30:34 IST" name="printexceldata" data-provider="DataMaster" finished-at="2022-05-12T13:30:34 IST" duration-ms="4" status="PASS">
          <params>
            <param index="0">
              <value>
                <![CDATA[a]]>
              </value>
            </param>
            <param index="1">
              <value>
                <![CDATA[b]]>
              </value>
            </param>
          </params>
          <reporter-output>
          </reporter-output>
        </test-method> <!-- printexceldata -->
        <test-method signature="printexceldata(java.lang.String,java.lang.String)[pri:0, instance:practiceClasses.DataProvider2@3cebbb30]" started-at="2022-05-12T13:30:34 IST" name="printexceldata" data-provider="DataMaster" finished-at="2022-05-12T13:30:34 IST" duration-ms="1" status="PASS">
          <params>
            <param index="0">
              <value>
                <![CDATA[a1]]>
              </value>
            </param>
            <param index="1">
              <value>
                <![CDATA[b1]]>
              </value>
            </param>
          </params>
          <reporter-output>
          </reporter-output>
        </test-method> <!-- printexceldata -->
        <test-method signature="printexceldata(java.lang.String,java.lang.String)[pri:0, instance:practiceClasses.DataProvider2@3cebbb30]" started-at="2022-05-12T13:30:34 IST" name="printexceldata" data-provider="DataMaster" finished-at="2022-05-12T13:30:34 IST" duration-ms="0" status="PASS">
          <params>
            <param index="0">
              <value>
                <![CDATA[a2]]>
              </value>
            </param>
            <param index="1">
              <value>
                <![CDATA[b2]]>
              </value>
            </param>
          </params>
          <reporter-output>
          </reporter-output>
        </test-method> <!-- printexceldata -->
        <test-method signature="printexceldata(java.lang.String,java.lang.String)[pri:0, instance:practiceClasses.DataProvider2@3cebbb30]" started-at="2022-05-12T13:30:34 IST" name="printexceldata" data-provider="DataMaster" finished-at="2022-05-12T13:30:34 IST" duration-ms="1" status="PASS">
          <params>
            <param index="0">
              <value>
                <![CDATA[a3]]>
              </value>
            </param>
            <param index="1">
              <value>
                <![CDATA[b3]]>
              </value>
            </param>
          </params>
          <reporter-output>
          </reporter-output>
        </test-method> <!-- printexceldata -->
        <test-method signature="printexceldata(java.lang.String,java.lang.String)[pri:0, instance:practiceClasses.DataProvider2@3cebbb30]" started-at="2022-05-12T13:30:34 IST" name="printexceldata" data-provider="DataMaster" finished-at="2022-05-12T13:30:34 IST" duration-ms="1" status="PASS">
          <params>
            <param index="0">
              <value>
                <![CDATA[a4]]>
              </value>
            </param>
            <param index="1">
              <value>
                <![CDATA[b4]]>
              </value>
            </param>
          </params>
          <reporter-output>
          </reporter-output>
        </test-method> <!-- printexceldata -->
        <test-method signature="printexceldata(java.lang.String,java.lang.String)[pri:0, instance:practiceClasses.DataProvider2@3cebbb30]" started-at="2022-05-12T13:30:34 IST" name="printexceldata" data-provider="DataMaster" finished-at="2022-05-12T13:30:34 IST" duration-ms="1" status="PASS">
          <params>
            <param index="0">
              <value>
                <![CDATA[a5]]>
              </value>
            </param>
            <param index="1">
              <value>
                <![CDATA[b5]]>
              </value>
            </param>
          </params>
          <reporter-output>
          </reporter-output>
        </test-method> <!-- printexceldata -->
      </class> <!-- practiceClasses.DataProvider2 -->
    </test> <!-- Default test -->
  </suite> <!-- Default suite -->
</testng-results>
